<?xml version="1.0" encoding="UTF-8"?>
<testng-results skipped="0" failed="0" ignored="0" total="1" passed="1">
  <reporter-output>
  </reporter-output>
  <suite name="Default suite" duration-ms="21584" started-at="2020-04-23T16:25:31Z" finished-at="2020-04-23T16:25:52Z">
    <groups>
    </groups>
    <test name="Default test" duration-ms="21584" started-at="2020-04-23T16:25:31Z" finished-at="2020-04-23T16:25:52Z">
      <class name="com.testcases.callwrapper">
        <test-method status="PASS" signature="facebooklogin()[pri:0, instance:com.testcases.callwrapper@6b57696f]" name="facebooklogin" duration-ms="21543" started-at="2020-04-23T16:25:31Z" finished-at="2020-04-23T16:25:52Z">
          <reporter-output>
          </reporter-output>
        </test-method> <!-- facebooklogin -->
      </class> <!-- com.testcases.callwrapper -->
    </test> <!-- Default test -->
  </suite> <!-- Default suite -->
</testng-results>
