<?xml version="1.0" encoding="UTF-8"?>
<!-- Generated by org.testng.reporters.JUnitXMLReporter -->
<testsuite hostname="LAPTOP-U5EUFPC3" ignored="0" name="Default test" tests="4" failures="0" timestamp="27 Apr 2020 20:11:30 GMT" time="86.94" errors="0">
  <testcase name="firstpage" time="11.186" classname="com.testcases.forebs"/>
  <testcase name="bill" time="15.566" classname="com.testcases.forebs"/>
  <testcase name="advisor" time="9.357" classname="com.testcases.forebs"/>
  <testcase name="search" time="15.388" classname="com.testcases.forebs"/>
</testsuite> <!-- Default test -->
