<?xml version="1.0" encoding="UTF-8"?>
<!-- Generated by org.testng.reporters.JUnitXMLReporter -->
<testsuite hostname="LAPTOP-U5EUFPC3" ignored="0" name="Test" tests="6" failures="0" timestamp="21 Apr 2020 17:10:10 GMT" time="0.1" errors="0">
  <testcase name="testcase1" time="0.017" classname="com.testng.ParallelexecutionTest"/>
  <testcase name="testcase4" time="0.017" classname="com.testng.Parallelexecution1Test"/>
  <testcase name="testcase2" time="0.012" classname="com.testng.ParallelexecutionTest"/>
  <testcase name="testcase5" time="0.004" classname="com.testng.Parallelexecution1Test"/>
  <testcase name="testcase6" time="0.005" classname="com.testng.Parallelexecution1Test"/>
  <testcase name="testcase3" time="0.011" classname="com.testng.ParallelexecutionTest"/>
</testsuite> <!-- Test -->
