<?xml version="1.0" encoding="UTF-8"?>
<testng-results skipped="0" failed="0" ignored="0" total="1" passed="1">
  <reporter-output>
  </reporter-output>
  <suite name="Default suite" duration-ms="546" started-at="2020-05-03T04:58:25Z" finished-at="2020-05-03T04:58:25Z">
    <groups>
    </groups>
    <test name="Default test" duration-ms="546" started-at="2020-05-03T04:58:25Z" finished-at="2020-05-03T04:58:25Z">
      <class name="com.testcases.ExcelreadfromspecificrowandColumn">
        <test-method status="PASS" signature="specificrowdata()[pri:0, instance:com.testcases.ExcelreadfromspecificrowandColumn@cc285f4]" name="specificrowdata" duration-ms="514" started-at="2020-05-03T04:58:25Z" finished-at="2020-05-03T04:58:25Z">
          <reporter-output>
          </reporter-output>
        </test-method> <!-- specificrowdata -->
      </class> <!-- com.testcases.ExcelreadfromspecificrowandColumn -->
    </test> <!-- Default test -->
  </suite> <!-- Default suite -->
</testng-results>
