<?xml version="1.0" encoding="UTF-8"?>
<testng-results skipped="0" failed="0" ignored="0" total="4" passed="4">
  <reporter-output>
  </reporter-output>
  <suite name="Default suite" duration-ms="86940" started-at="2020-04-27T20:10:03Z" finished-at="2020-04-27T20:11:30Z">
    <groups>
    </groups>
    <test name="Default test" duration-ms="86940" started-at="2020-04-27T20:10:03Z" finished-at="2020-04-27T20:11:30Z">
      <class name="com.testcases.forebs">
        <test-method status="PASS" signature="openbrowser()[pri:0, instance:com.testcases.forebs@29774679]" name="openbrowser" is-config="true" duration-ms="9878" started-at="2020-04-27T20:10:03Z" finished-at="2020-04-27T20:10:13Z">
          <reporter-output>
          </reporter-output>
        </test-method> <!-- openbrowser -->
        <test-method status="PASS" signature="firstpage()[pri:1, instance:com.testcases.forebs@29774679]" name="firstpage" duration-ms="11186" started-at="2020-04-27T20:10:13Z" finished-at="2020-04-27T20:10:24Z">
          <reporter-output>
          </reporter-output>
        </test-method> <!-- firstpage -->
        <test-method status="PASS" signature="teardown()[pri:0, instance:com.testcases.forebs@29774679]" name="teardown" is-config="true" duration-ms="455" started-at="2020-04-27T20:10:24Z" finished-at="2020-04-27T20:10:25Z">
          <reporter-output>
          </reporter-output>
        </test-method> <!-- teardown -->
        <test-method status="PASS" signature="openbrowser()[pri:0, instance:com.testcases.forebs@29774679]" name="openbrowser" is-config="true" duration-ms="6325" started-at="2020-04-27T20:10:25Z" finished-at="2020-04-27T20:10:31Z">
          <reporter-output>
          </reporter-output>
        </test-method> <!-- openbrowser -->
        <test-method status="PASS" signature="bill()[pri:2, instance:com.testcases.forebs@29774679]" name="bill" duration-ms="15566" started-at="2020-04-27T20:10:31Z" finished-at="2020-04-27T20:10:46Z">
          <reporter-output>
          </reporter-output>
        </test-method> <!-- bill -->
        <test-method status="PASS" signature="teardown()[pri:0, instance:com.testcases.forebs@29774679]" name="teardown" is-config="true" duration-ms="517" started-at="2020-04-27T20:10:46Z" finished-at="2020-04-27T20:10:47Z">
          <reporter-output>
          </reporter-output>
        </test-method> <!-- teardown -->
        <test-method status="PASS" signature="openbrowser()[pri:0, instance:com.testcases.forebs@29774679]" name="openbrowser" is-config="true" duration-ms="7254" started-at="2020-04-27T20:10:47Z" finished-at="2020-04-27T20:10:54Z">
          <reporter-output>
          </reporter-output>
        </test-method> <!-- openbrowser -->
        <test-method status="PASS" signature="advisor()[pri:3, instance:com.testcases.forebs@29774679]" name="advisor" duration-ms="9357" started-at="2020-04-27T20:10:54Z" finished-at="2020-04-27T20:11:04Z">
          <reporter-output>
          </reporter-output>
        </test-method> <!-- advisor -->
        <test-method status="PASS" signature="teardown()[pri:0, instance:com.testcases.forebs@29774679]" name="teardown" is-config="true" duration-ms="238" started-at="2020-04-27T20:11:04Z" finished-at="2020-04-27T20:11:04Z">
          <reporter-output>
          </reporter-output>
        </test-method> <!-- teardown -->
        <test-method status="PASS" signature="openbrowser()[pri:0, instance:com.testcases.forebs@29774679]" name="openbrowser" is-config="true" duration-ms="8352" started-at="2020-04-27T20:11:04Z" finished-at="2020-04-27T20:11:12Z">
          <reporter-output>
          </reporter-output>
        </test-method> <!-- openbrowser -->
        <test-method status="PASS" signature="search()[pri:4, instance:com.testcases.forebs@29774679]" name="search" duration-ms="15388" started-at="2020-04-27T20:11:12Z" finished-at="2020-04-27T20:11:28Z">
          <reporter-output>
          </reporter-output>
        </test-method> <!-- search -->
        <test-method status="PASS" signature="teardown()[pri:0, instance:com.testcases.forebs@29774679]" name="teardown" is-config="true" duration-ms="2360" started-at="2020-04-27T20:11:28Z" finished-at="2020-04-27T20:11:30Z">
          <reporter-output>
          </reporter-output>
        </test-method> <!-- teardown -->
      </class> <!-- com.testcases.forebs -->
    </test> <!-- Default test -->
  </suite> <!-- Default suite -->
</testng-results>
